This is pdfTeX, Version 3.141592653-2.6-1.40.27 (TeX Live 2026/dev/Arch Linux) (preloaded format=pdflatex 2025.3.30)  2 JUN 2025 22:02
entering extended mode
 restricted \write18 enabled.
 %&-line parsing enabled.
**main.tex
(./main.tex
LaTeX2e <2024-11-01> patch level 2
L3 programming layer <2025-01-18>
(/usr/share/texmf-dist/tex/latex/base/report.cls
Document Class: report 2024/06/29 v1.4n Standard LaTeX document class
(/usr/share/texmf-dist/tex/latex/base/size11.clo
File: size11.clo 2024/06/29 v1.4n Standard LaTeX file (size option)
)
\c@part=\count196
\c@chapter=\count197
\c@section=\count198
\c@subsection=\count199
\c@subsubsection=\count266
\c@paragraph=\count267
\c@subparagraph=\count268
\c@figure=\count269
\c@table=\count270
\abovecaptionskip=\skip49
\belowcaptionskip=\skip50
\bibindent=\dimen141
)
(/usr/share/texmf-dist/tex/generic/babel/babel.sty
Package: babel 2025/02/14 v25.4 The multilingual framework for pdfLaTeX, LuaLaT
eX and XeLaTeX
\babel@savecnt=\count271
\U@D=\dimen142
\l@unhyphenated=\language36

(/usr/share/texmf-dist/tex/generic/babel/txtbabel.def)
\bbl@readstream=\read2
\bbl@dirlevel=\count272

(/usr/share/texmf-dist/tex/generic/babel-greek/greek.ldf
Language: greek 2023/10/13 1.15 Greek support for the babel system
\bbl@monogreek=\count273
\bbl@polygreek=\count274
\bbl@ancientgreek=\count275

(/usr/share/texmf-dist/tex/latex/greek-fontenc/lgrenc.def
File: lgrenc.def 2023-09-12 2.5 LGR Greek font encoding definitions
Now handling font encoding LGR ...
... processing UTF-8 mapping file for font encoding LGR

(/usr/share/texmf-dist/tex/latex/greek-inputenc/lgrenc.dfu
File: lgrenc.dfu 2023-03-21 1.9 UTF-8 support for Greek
   defining Unicode char U+00A8 (decimal 168)
   defining Unicode char U+00AB (decimal 171)
   defining Unicode char U+00AF (decimal 175)
   defining Unicode char U+00B4 (decimal 180)
   defining Unicode char U+00B7 (decimal 183)
   defining Unicode char U+00BB (decimal 187)
   defining Unicode char U+0259 (decimal 601)
   defining Unicode char U+02D8 (decimal 728)
   defining Unicode char U+0374 (decimal 884)
   defining Unicode char U+0375 (decimal 885)
   defining Unicode char U+037A (decimal 890)
   defining Unicode char U+037E (decimal 894)
   defining Unicode char U+0384 (decimal 900)
   defining Unicode char U+0385 (decimal 901)
   defining Unicode char U+0386 (decimal 902)
   defining Unicode char U+0387 (decimal 903)
   defining Unicode char U+0388 (decimal 904)
   defining Unicode char U+0389 (decimal 905)
   defining Unicode char U+038A (decimal 906)
   defining Unicode char U+038C (decimal 908)
   defining Unicode char U+038E (decimal 910)
   defining Unicode char U+038F (decimal 911)
   defining Unicode char U+0390 (decimal 912)
   defining Unicode char U+0391 (decimal 913)
   defining Unicode char U+0392 (decimal 914)
   defining Unicode char U+0393 (decimal 915)
   defining Unicode char U+0394 (decimal 916)
   defining Unicode char U+0395 (decimal 917)
   defining Unicode char U+0396 (decimal 918)
   defining Unicode char U+0397 (decimal 919)
   defining Unicode char U+0398 (decimal 920)
   defining Unicode char U+0399 (decimal 921)
   defining Unicode char U+039A (decimal 922)
   defining Unicode char U+039B (decimal 923)
   defining Unicode char U+039C (decimal 924)
   defining Unicode char U+039D (decimal 925)
   defining Unicode char U+039E (decimal 926)
   defining Unicode char U+039F (decimal 927)
   defining Unicode char U+03A0 (decimal 928)
   defining Unicode char U+03A1 (decimal 929)
   defining Unicode char U+03A3 (decimal 931)
   defining Unicode char U+03A4 (decimal 932)
   defining Unicode char U+03A5 (decimal 933)
   defining Unicode char U+03A6 (decimal 934)
   defining Unicode char U+03A7 (decimal 935)
   defining Unicode char U+03A8 (decimal 936)
   defining Unicode char U+03A9 (decimal 937)
   defining Unicode char U+03AA (decimal 938)
   defining Unicode char U+03AB (decimal 939)
   defining Unicode char U+03AC (decimal 940)
   defining Unicode char U+03AD (decimal 941)
   defining Unicode char U+03AE (decimal 942)
   defining Unicode char U+03AF (decimal 943)
   defining Unicode char U+03B0 (decimal 944)
   defining Unicode char U+03B1 (decimal 945)
   defining Unicode char U+03B2 (decimal 946)
   defining Unicode char U+03B3 (decimal 947)
   defining Unicode char U+03B4 (decimal 948)
   defining Unicode char U+03B5 (decimal 949)
   defining Unicode char U+03B6 (decimal 950)
   defining Unicode char U+03B7 (decimal 951)
   defining Unicode char U+03B8 (decimal 952)
   defining Unicode char U+03B9 (decimal 953)
   defining Unicode char U+03BA (decimal 954)
   defining Unicode char U+03BB (decimal 955)
   defining Unicode char U+03BC (decimal 956)
   defining Unicode char U+03BD (decimal 957)
   defining Unicode char U+03BE (decimal 958)
   defining Unicode char U+03BF (decimal 959)
   defining Unicode char U+03C0 (decimal 960)
   defining Unicode char U+03C1 (decimal 961)
   defining Unicode char U+03C2 (decimal 962)
   defining Unicode char U+03C3 (decimal 963)
   defining Unicode char U+03C4 (decimal 964)
   defining Unicode char U+03C5 (decimal 965)
   defining Unicode char U+03C6 (decimal 966)
   defining Unicode char U+03C7 (decimal 967)
   defining Unicode char U+03C8 (decimal 968)
   defining Unicode char U+03C9 (decimal 969)
   defining Unicode char U+03CA (decimal 970)
   defining Unicode char U+03CB (decimal 971)
   defining Unicode char U+03CC (decimal 972)
   defining Unicode char U+03CD (decimal 973)
   defining Unicode char U+03CE (decimal 974)
   defining Unicode char U+03D0 (decimal 976)
   defining Unicode char U+03D1 (decimal 977)
   defining Unicode char U+03D5 (decimal 981)
   defining Unicode char U+03D6 (decimal 982)
   defining Unicode char U+03D8 (decimal 984)
   defining Unicode char U+03D9 (decimal 985)
   defining Unicode char U+03DA (decimal 986)
   defining Unicode char U+03DB (decimal 987)
   defining Unicode char U+03DC (decimal 988)
   defining Unicode char U+03DD (decimal 989)
   defining Unicode char U+03DE (decimal 990)
   defining Unicode char U+03DF (decimal 991)
   defining Unicode char U+03E0 (decimal 992)
   defining Unicode char U+03E1 (decimal 993)
   defining Unicode char U+03F0 (decimal 1008)
   defining Unicode char U+03F1 (decimal 1009)
   defining Unicode char U+03F4 (decimal 1012)
   defining Unicode char U+03F5 (decimal 1013)
   defining Unicode char U+1F00 (decimal 7936)
   defining Unicode char U+1F01 (decimal 7937)
   defining Unicode char U+1F02 (decimal 7938)
   defining Unicode char U+1F03 (decimal 7939)
   defining Unicode char U+1F04 (decimal 7940)
   defining Unicode char U+1F05 (decimal 7941)
   defining Unicode char U+1F06 (decimal 7942)
   defining Unicode char U+1F07 (decimal 7943)
   defining Unicode char U+1F08 (decimal 7944)
   defining Unicode char U+1F09 (decimal 7945)
   defining Unicode char U+1F0A (decimal 7946)
   defining Unicode char U+1F0B (decimal 7947)
   defining Unicode char U+1F0C (decimal 7948)
   defining Unicode char U+1F0D (decimal 7949)
   defining Unicode char U+1F0E (decimal 7950)
   defining Unicode char U+1F0F (decimal 7951)
   defining Unicode char U+1F10 (decimal 7952)
   defining Unicode char U+1F11 (decimal 7953)
   defining Unicode char U+1F12 (decimal 7954)
   defining Unicode char U+1F13 (decimal 7955)
   defining Unicode char U+1F14 (decimal 7956)
   defining Unicode char U+1F15 (decimal 7957)
   defining Unicode char U+1F18 (decimal 7960)
   defining Unicode char U+1F19 (decimal 7961)
   defining Unicode char U+1F1A (decimal 7962)
   defining Unicode char U+1F1B (decimal 7963)
   defining Unicode char U+1F1C (decimal 7964)
   defining Unicode char U+1F1D (decimal 7965)
   defining Unicode char U+1F20 (decimal 7968)
   defining Unicode char U+1F21 (decimal 7969)
   defining Unicode char U+1F22 (decimal 7970)
   defining Unicode char U+1F23 (decimal 7971)
   defining Unicode char U+1F24 (decimal 7972)
   defining Unicode char U+1F25 (decimal 7973)
   defining Unicode char U+1F26 (decimal 7974)
   defining Unicode char U+1F27 (decimal 7975)
   defining Unicode char U+1F28 (decimal 7976)
   defining Unicode char U+1F29 (decimal 7977)
   defining Unicode char U+1F2A (decimal 7978)
   defining Unicode char U+1F2B (decimal 7979)
   defining Unicode char U+1F2C (decimal 7980)
   defining Unicode char U+1F2D (decimal 7981)
   defining Unicode char U+1F2E (decimal 7982)
   defining Unicode char U+1F2F (decimal 7983)
   defining Unicode char U+1F30 (decimal 7984)
   defining Unicode char U+1F31 (decimal 7985)
   defining Unicode char U+1F32 (decimal 7986)
   defining Unicode char U+1F33 (decimal 7987)
   defining Unicode char U+1F34 (decimal 7988)
   defining Unicode char U+1F35 (decimal 7989)
   defining Unicode char U+1F36 (decimal 7990)
   defining Unicode char U+1F37 (decimal 7991)
   defining Unicode char U+1F38 (decimal 7992)
   defining Unicode char U+1F39 (decimal 7993)
   defining Unicode char U+1F3A (decimal 7994)
   defining Unicode char U+1F3B (decimal 7995)
   defining Unicode char U+1F3C (decimal 7996)
   defining Unicode char U+1F3D (decimal 7997)
   defining Unicode char U+1F3E (decimal 7998)
   defining Unicode char U+1F3F (decimal 7999)
   defining Unicode char U+1F40 (decimal 8000)
   defining Unicode char U+1F41 (decimal 8001)
   defining Unicode char U+1F42 (decimal 8002)
   defining Unicode char U+1F43 (decimal 8003)
   defining Unicode char U+1F44 (decimal 8004)
   defining Unicode char U+1F45 (decimal 8005)
   defining Unicode char U+1F48 (decimal 8008)
   defining Unicode char U+1F49 (decimal 8009)
   defining Unicode char U+1F4A (decimal 8010)
   defining Unicode char U+1F4B (decimal 8011)
   defining Unicode char U+1F4C (decimal 8012)
   defining Unicode char U+1F4D (decimal 8013)
   defining Unicode char U+1F50 (decimal 8016)
   defining Unicode char U+1F51 (decimal 8017)
   defining Unicode char U+1F52 (decimal 8018)
   defining Unicode char U+1F53 (decimal 8019)
   defining Unicode char U+1F54 (decimal 8020)
   defining Unicode char U+1F55 (decimal 8021)
   defining Unicode char U+1F56 (decimal 8022)
   defining Unicode char U+1F57 (decimal 8023)
   defining Unicode char U+1F59 (decimal 8025)
   defining Unicode char U+1F5B (decimal 8027)
   defining Unicode char U+1F5D (decimal 8029)
   defining Unicode char U+1F5F (decimal 8031)
   defining Unicode char U+1F60 (decimal 8032)
   defining Unicode char U+1F61 (decimal 8033)
   defining Unicode char U+1F62 (decimal 8034)
   defining Unicode char U+1F63 (decimal 8035)
   defining Unicode char U+1F64 (decimal 8036)
   defining Unicode char U+1F65 (decimal 8037)
   defining Unicode char U+1F66 (decimal 8038)
   defining Unicode char U+1F67 (decimal 8039)
   defining Unicode char U+1F68 (decimal 8040)
   defining Unicode char U+1F69 (decimal 8041)
   defining Unicode char U+1F6A (decimal 8042)
   defining Unicode char U+1F6B (decimal 8043)
   defining Unicode char U+1F6C (decimal 8044)
   defining Unicode char U+1F6D (decimal 8045)
   defining Unicode char U+1F6E (decimal 8046)
   defining Unicode char U+1F6F (decimal 8047)
   defining Unicode char U+1F70 (decimal 8048)
   defining Unicode char U+1F71 (decimal 8049)
   defining Unicode char U+1F72 (decimal 8050)
   defining Unicode char U+1F73 (decimal 8051)
   defining Unicode char U+1F74 (decimal 8052)
   defining Unicode char U+1F75 (decimal 8053)
   defining Unicode char U+1F76 (decimal 8054)
   defining Unicode char U+1F77 (decimal 8055)
   defining Unicode char U+1F78 (decimal 8056)
   defining Unicode char U+1F79 (decimal 8057)
   defining Unicode char U+1F7A (decimal 8058)
   defining Unicode char U+1F7B (decimal 8059)
   defining Unicode char U+1F7C (decimal 8060)
   defining Unicode char U+1F7D (decimal 8061)
   defining Unicode char U+1F80 (decimal 8064)
   defining Unicode char U+1F81 (decimal 8065)
   defining Unicode char U+1F82 (decimal 8066)
   defining Unicode char U+1F83 (decimal 8067)
   defining Unicode char U+1F84 (decimal 8068)
   defining Unicode char U+1F85 (decimal 8069)
   defining Unicode char U+1F86 (decimal 8070)
   defining Unicode char U+1F87 (decimal 8071)
   defining Unicode char U+1F88 (decimal 8072)
   defining Unicode char U+1F89 (decimal 8073)
   defining Unicode char U+1F8A (decimal 8074)
   defining Unicode char U+1F8B (decimal 8075)
   defining Unicode char U+1F8C (decimal 8076)
   defining Unicode char U+1F8D (decimal 8077)
   defining Unicode char U+1F8E (decimal 8078)
   defining Unicode char U+1F8F (decimal 8079)
   defining Unicode char U+1F90 (decimal 8080)
   defining Unicode char U+1F91 (decimal 8081)
   defining Unicode char U+1F92 (decimal 8082)
   defining Unicode char U+1F93 (decimal 8083)
   defining Unicode char U+1F94 (decimal 8084)
   defining Unicode char U+1F95 (decimal 8085)
   defining Unicode char U+1F96 (decimal 8086)
   defining Unicode char U+1F97 (decimal 8087)
   defining Unicode char U+1F98 (decimal 8088)
   defining Unicode char U+1F99 (decimal 8089)
   defining Unicode char U+1F9A (decimal 8090)
   defining Unicode char U+1F9B (decimal 8091)
   defining Unicode char U+1F9C (decimal 8092)
   defining Unicode char U+1F9D (decimal 8093)
   defining Unicode char U+1F9E (decimal 8094)
   defining Unicode char U+1F9F (decimal 8095)
   defining Unicode char U+1FA0 (decimal 8096)
   defining Unicode char U+1FA1 (decimal 8097)
   defining Unicode char U+1FA2 (decimal 8098)
   defining Unicode char U+1FA3 (decimal 8099)
   defining Unicode char U+1FA4 (decimal 8100)
   defining Unicode char U+1FA5 (decimal 8101)
   defining Unicode char U+1FA6 (decimal 8102)
   defining Unicode char U+1FA7 (decimal 8103)
   defining Unicode char U+1FA8 (decimal 8104)
   defining Unicode char U+1FA9 (decimal 8105)
   defining Unicode char U+1FAA (decimal 8106)
   defining Unicode char U+1FAB (decimal 8107)
   defining Unicode char U+1FAC (decimal 8108)
   defining Unicode char U+1FAD (decimal 8109)
   defining Unicode char U+1FAE (decimal 8110)
   defining Unicode char U+1FAF (decimal 8111)
   defining Unicode char U+1FB0 (decimal 8112)
   defining Unicode char U+1FB1 (decimal 8113)
   defining Unicode char U+1FB2 (decimal 8114)
   defining Unicode char U+1FB3 (decimal 8115)
   defining Unicode char U+1FB4 (decimal 8116)
   defining Unicode char U+1FB6 (decimal 8118)
   defining Unicode char U+1FB7 (decimal 8119)
   defining Unicode char U+1FB8 (decimal 8120)
   defining Unicode char U+1FB9 (decimal 8121)
   defining Unicode char U+1FBA (decimal 8122)
   defining Unicode char U+1FBB (decimal 8123)
   defining Unicode char U+1FBC (decimal 8124)
   defining Unicode char U+1FBD (decimal 8125)
   defining Unicode char U+1FBE (decimal 8126)
   defining Unicode char U+1FBF (decimal 8127)
   defining Unicode char U+1FC0 (decimal 8128)
   defining Unicode char U+1FC1 (decimal 8129)
   defining Unicode char U+1FC2 (decimal 8130)
   defining Unicode char U+1FC3 (decimal 8131)
   defining Unicode char U+1FC4 (decimal 8132)
   defining Unicode char U+1FC6 (decimal 8134)
   defining Unicode char U+1FC7 (decimal 8135)
   defining Unicode char U+1FC8 (decimal 8136)
   defining Unicode char U+1FC9 (decimal 8137)
   defining Unicode char U+1FCA (decimal 8138)
   defining Unicode char U+1FCB (decimal 8139)
   defining Unicode char U+1FCC (decimal 8140)
   defining Unicode char U+1FCD (decimal 8141)
   defining Unicode char U+1FCE (decimal 8142)
   defining Unicode char U+1FCF (decimal 8143)
   defining Unicode char U+1FD0 (decimal 8144)
   defining Unicode char U+1FD1 (decimal 8145)
   defining Unicode char U+1FD2 (decimal 8146)
   defining Unicode char U+1FD3 (decimal 8147)
   defining Unicode char U+1FD6 (decimal 8150)
   defining Unicode char U+1FD7 (decimal 8151)
   defining Unicode char U+1FD8 (decimal 8152)
   defining Unicode char U+1FD9 (decimal 8153)
   defining Unicode char U+1FDA (decimal 8154)
   defining Unicode char U+1FDB (decimal 8155)
   defining Unicode char U+1FDD (decimal 8157)
   defining Unicode char U+1FDE (decimal 8158)
   defining Unicode char U+1FDF (decimal 8159)
   defining Unicode char U+1FE0 (decimal 8160)
   defining Unicode char U+1FE1 (decimal 8161)
   defining Unicode char U+1FE2 (decimal 8162)
   defining Unicode char U+1FE3 (decimal 8163)
   defining Unicode char U+1FE4 (decimal 8164)
   defining Unicode char U+1FE5 (decimal 8165)
   defining Unicode char U+1FE6 (decimal 8166)
   defining Unicode char U+1FE7 (decimal 8167)
   defining Unicode char U+1FE8 (decimal 8168)
   defining Unicode char U+1FE9 (decimal 8169)
   defining Unicode char U+1FEA (decimal 8170)
   defining Unicode char U+1FEB (decimal 8171)
   defining Unicode char U+1FEC (decimal 8172)
   defining Unicode char U+1FED (decimal 8173)
   defining Unicode char U+1FEE (decimal 8174)
   defining Unicode char U+1FEF (decimal 8175)
   defining Unicode char U+1FF2 (decimal 8178)
   defining Unicode char U+1FF3 (decimal 8179)
   defining Unicode char U+1FF4 (decimal 8180)
   defining Unicode char U+1FF6 (decimal 8182)
   defining Unicode char U+1FF7 (decimal 8183)
   defining Unicode char U+1FF8 (decimal 8184)
   defining Unicode char U+1FF9 (decimal 8185)
   defining Unicode char U+1FFA (decimal 8186)
   defining Unicode char U+1FFB (decimal 8187)
   defining Unicode char U+1FFC (decimal 8188)
   defining Unicode char U+1FFD (decimal 8189)
   defining Unicode char U+1FFE (decimal 8190)
   defining Unicode char U+2013 (decimal 8211)
   defining Unicode char U+2014 (decimal 8212)
   defining Unicode char U+2018 (decimal 8216)
   defining Unicode char U+2019 (decimal 8217)
   defining Unicode char U+201A (decimal 8218)
   defining Unicode char U+2030 (decimal 8240)
   defining Unicode char U+2039 (decimal 8249)
   defining Unicode char U+203A (decimal 8250)
   defining Unicode char U+20AC (decimal 8364)
   defining Unicode char U+2126 (decimal 8486)
   defining Unicode char U+10144 (decimal 65860)
   defining Unicode char U+10145 (decimal 65861)
   defining Unicode char U+10146 (decimal 65862)
   defining Unicode char U+10147 (decimal 65863)
)
(/usr/share/texmf-dist/tex/latex/greek-fontenc/greek-fontenc.def
File: greek-fontenc.def 2023-09-12 2.5 Common Greek font encoding definitions
)))
(/usr/share/texmf-dist/tex/generic/babel-english/english.ldf
Language: english 2017/06/06 v3.3r English support from the babel system
Package babel Info: Hyphen rules for 'british' set to \l@english
(babel)             (\language0). Reported on input line 82.
Package babel Info: Hyphen rules for 'UKenglish' set to \l@english
(babel)             (\language0). Reported on input line 83.
Package babel Info: Hyphen rules for 'canadian' set to \l@english
(babel)             (\language0). Reported on input line 102.
Package babel Info: Hyphen rules for 'australian' set to \l@english
(babel)             (\language0). Reported on input line 105.
Package babel Info: Hyphen rules for 'newzealand' set to \l@english
(babel)             (\language0). Reported on input line 108.
))
(/usr/share/texmf-dist/tex/generic/babel/locale/en/babel-english.tex
Package babel Info: Importing font and identification data for english
(babel)             from babel-en.ini. Reported on input line 11.
)
(/usr/share/texmf-dist/tex/generic/babel/locale/el/babel-greek.tex
Package babel Info: Importing font and identification data for greek
(babel)             from babel-el.ini. Reported on input line 11.
)
(/usr/share/texmf-dist/tex/latex/titlepic/titlepic.sty
Package: titlepic 2017/03/14 1.2 Package to display a picture on the title page

)
(/usr/share/texmf-dist/tex/latex/xcolor/xcolor.sty
Package: xcolor 2024/09/29 v3.02 LaTeX color extensions (UK)

(/usr/share/texmf-dist/tex/latex/graphics-cfg/color.cfg
File: color.cfg 2016/01/02 v1.6 sample color configuration
)
Package xcolor Info: Driver file: pdftex.def on input line 274.

(/usr/share/texmf-dist/tex/latex/graphics-def/pdftex.def
File: pdftex.def 2024/04/13 v1.2c Graphics/color driver for pdftex
)
(/usr/share/texmf-dist/tex/latex/graphics/mathcolor.ltx)
Package xcolor Info: Model `cmy' substituted by `cmy0' on input line 1349.
Package xcolor Info: Model `hsb' substituted by `rgb' on input line 1353.
Package xcolor Info: Model `RGB' extended on input line 1365.
Package xcolor Info: Model `HTML' substituted by `rgb' on input line 1367.
Package xcolor Info: Model `Hsb' substituted by `hsb' on input line 1368.
Package xcolor Info: Model `tHsb' substituted by `hsb' on input line 1369.
Package xcolor Info: Model `HSB' substituted by `hsb' on input line 1370.
Package xcolor Info: Model `Gray' substituted by `gray' on input line 1371.
Package xcolor Info: Model `wave' substituted by `hsb' on input line 1372.
)
(/usr/share/texmf-dist/tex/latex/graphics/dvipsnam.def
File: dvipsnam.def 2016/06/17 v3.0m Driver-dependent file (DPC,SPQR)
)
(/usr/share/texmf-dist/tex/latex/tcolorbox/tcolorbox.sty
Package: tcolorbox 2024/10/22 version 6.4.1 text color boxes

(/usr/share/texmf-dist/tex/latex/pgf/frontendlayer/tikz.sty
(/usr/share/texmf-dist/tex/latex/pgf/basiclayer/pgf.sty
(/usr/share/texmf-dist/tex/latex/pgf/utilities/pgfrcs.sty
(/usr/share/texmf-dist/tex/generic/pgf/utilities/pgfutil-common.tex
\pgfutil@everybye=\toks17
\pgfutil@tempdima=\dimen143
\pgfutil@tempdimb=\dimen144
)
(/usr/share/texmf-dist/tex/generic/pgf/utilities/pgfutil-latex.def
\pgfutil@abb=\box52
)
(/usr/share/texmf-dist/tex/generic/pgf/utilities/pgfrcs.code.tex
(/usr/share/texmf-dist/tex/generic/pgf/pgf.revision.tex)
Package: pgfrcs 2023-01-15 v3.1.10 (3.1.10)
))
Package: pgf 2023-01-15 v3.1.10 (3.1.10)

(/usr/share/texmf-dist/tex/latex/pgf/basiclayer/pgfcore.sty
(/usr/share/texmf-dist/tex/latex/graphics/graphicx.sty
Package: graphicx 2021/09/16 v1.2d Enhanced LaTeX Graphics (DPC,SPQR)

(/usr/share/texmf-dist/tex/latex/graphics/keyval.sty
Package: keyval 2022/05/29 v1.15 key=value parser (DPC)
\KV@toks@=\toks18
)
(/usr/share/texmf-dist/tex/latex/graphics/graphics.sty
Package: graphics 2024/08/06 v1.4g Standard LaTeX Graphics (DPC,SPQR)

(/usr/share/texmf-dist/tex/latex/graphics/trig.sty
Package: trig 2023/12/02 v1.11 sin cos tan (DPC)
)
(/usr/share/texmf-dist/tex/latex/graphics-cfg/graphics.cfg
File: graphics.cfg 2016/06/04 v1.11 sample graphics configuration
)
Package graphics Info: Driver file: pdftex.def on input line 106.
)
\Gin@req@height=\dimen145
\Gin@req@width=\dimen146
)
(/usr/share/texmf-dist/tex/latex/pgf/systemlayer/pgfsys.sty
(/usr/share/texmf-dist/tex/generic/pgf/systemlayer/pgfsys.code.tex
Package: pgfsys 2023-01-15 v3.1.10 (3.1.10)

(/usr/share/texmf-dist/tex/generic/pgf/utilities/pgfkeys.code.tex
\pgfkeys@pathtoks=\toks19
\pgfkeys@temptoks=\toks20

(/usr/share/texmf-dist/tex/generic/pgf/utilities/pgfkeyslibraryfiltered.code.te
x
\pgfkeys@tmptoks=\toks21
))
\pgf@x=\dimen147
\pgf@y=\dimen148
\pgf@xa=\dimen149
\pgf@ya=\dimen150
\pgf@xb=\dimen151
\pgf@yb=\dimen152
\pgf@xc=\dimen153
\pgf@yc=\dimen154
\pgf@xd=\dimen155
\pgf@yd=\dimen156
\w@pgf@writea=\write3
\r@pgf@reada=\read3
\c@pgf@counta=\count276
\c@pgf@countb=\count277
\c@pgf@countc=\count278
\c@pgf@countd=\count279
\t@pgf@toka=\toks22
\t@pgf@tokb=\toks23
\t@pgf@tokc=\toks24
\pgf@sys@id@count=\count280
 (/usr/share/texmf-dist/tex/generic/pgf/systemlayer/pgf.cfg
File: pgf.cfg 2023-01-15 v3.1.10 (3.1.10)
)
Driver file for pgf: pgfsys-pdftex.def

(/usr/share/texmf-dist/tex/generic/pgf/systemlayer/pgfsys-pdftex.def
File: pgfsys-pdftex.def 2023-01-15 v3.1.10 (3.1.10)

(/usr/share/texmf-dist/tex/generic/pgf/systemlayer/pgfsys-common-pdf.def
File: pgfsys-common-pdf.def 2023-01-15 v3.1.10 (3.1.10)
)))
(/usr/share/texmf-dist/tex/generic/pgf/systemlayer/pgfsyssoftpath.code.tex
File: pgfsyssoftpath.code.tex 2023-01-15 v3.1.10 (3.1.10)
\pgfsyssoftpath@smallbuffer@items=\count281
\pgfsyssoftpath@bigbuffer@items=\count282
)
(/usr/share/texmf-dist/tex/generic/pgf/systemlayer/pgfsysprotocol.code.tex
File: pgfsysprotocol.code.tex 2023-01-15 v3.1.10 (3.1.10)
))
(/usr/share/texmf-dist/tex/generic/pgf/basiclayer/pgfcore.code.tex
Package: pgfcore 2023-01-15 v3.1.10 (3.1.10)

(/usr/share/texmf-dist/tex/generic/pgf/math/pgfmath.code.tex
(/usr/share/texmf-dist/tex/generic/pgf/math/pgfmathutil.code.tex)
(/usr/share/texmf-dist/tex/generic/pgf/math/pgfmathparser.code.tex
\pgfmath@dimen=\dimen157
\pgfmath@count=\count283
\pgfmath@box=\box53
\pgfmath@toks=\toks25
\pgfmath@stack@operand=\toks26
\pgfmath@stack@operation=\toks27
)
(/usr/share/texmf-dist/tex/generic/pgf/math/pgfmathfunctions.code.tex)
(/usr/share/texmf-dist/tex/generic/pgf/math/pgfmathfunctions.basic.code.tex)
(/usr/share/texmf-dist/tex/generic/pgf/math/pgfmathfunctions.trigonometric.code
.tex)
(/usr/share/texmf-dist/tex/generic/pgf/math/pgfmathfunctions.random.code.tex)
(/usr/share/texmf-dist/tex/generic/pgf/math/pgfmathfunctions.comparison.code.te
x) (/usr/share/texmf-dist/tex/generic/pgf/math/pgfmathfunctions.base.code.tex)
(/usr/share/texmf-dist/tex/generic/pgf/math/pgfmathfunctions.round.code.tex)
(/usr/share/texmf-dist/tex/generic/pgf/math/pgfmathfunctions.misc.code.tex)
(/usr/share/texmf-dist/tex/generic/pgf/math/pgfmathfunctions.integerarithmetics
.code.tex) (/usr/share/texmf-dist/tex/generic/pgf/math/pgfmathcalc.code.tex)
(/usr/share/texmf-dist/tex/generic/pgf/math/pgfmathfloat.code.tex
\c@pgfmathroundto@lastzeros=\count284
))
(/usr/share/texmf-dist/tex/generic/pgf/math/pgfint.code.tex)
(/usr/share/texmf-dist/tex/generic/pgf/basiclayer/pgfcorepoints.code.tex
File: pgfcorepoints.code.tex 2023-01-15 v3.1.10 (3.1.10)
\pgf@picminx=\dimen158
\pgf@picmaxx=\dimen159
\pgf@picminy=\dimen160
\pgf@picmaxy=\dimen161
\pgf@pathminx=\dimen162
\pgf@pathmaxx=\dimen163
\pgf@pathminy=\dimen164
\pgf@pathmaxy=\dimen165
\pgf@xx=\dimen166
\pgf@xy=\dimen167
\pgf@yx=\dimen168
\pgf@yy=\dimen169
\pgf@zx=\dimen170
\pgf@zy=\dimen171
)
(/usr/share/texmf-dist/tex/generic/pgf/basiclayer/pgfcorepathconstruct.code.tex
File: pgfcorepathconstruct.code.tex 2023-01-15 v3.1.10 (3.1.10)
\pgf@path@lastx=\dimen172
\pgf@path@lasty=\dimen173
) (/usr/share/texmf-dist/tex/generic/pgf/basiclayer/pgfcorepathusage.code.tex
File: pgfcorepathusage.code.tex 2023-01-15 v3.1.10 (3.1.10)
\pgf@shorten@end@additional=\dimen174
\pgf@shorten@start@additional=\dimen175
)
(/usr/share/texmf-dist/tex/generic/pgf/basiclayer/pgfcorescopes.code.tex
File: pgfcorescopes.code.tex 2023-01-15 v3.1.10 (3.1.10)
\pgfpic=\box54
\pgf@hbox=\box55
\pgf@layerbox@main=\box56
\pgf@picture@serial@count=\count285
)
(/usr/share/texmf-dist/tex/generic/pgf/basiclayer/pgfcoregraphicstate.code.tex
File: pgfcoregraphicstate.code.tex 2023-01-15 v3.1.10 (3.1.10)
\pgflinewidth=\dimen176
)
(/usr/share/texmf-dist/tex/generic/pgf/basiclayer/pgfcoretransformations.code.t
ex
File: pgfcoretransformations.code.tex 2023-01-15 v3.1.10 (3.1.10)
\pgf@pt@x=\dimen177
\pgf@pt@y=\dimen178
\pgf@pt@temp=\dimen179
) (/usr/share/texmf-dist/tex/generic/pgf/basiclayer/pgfcorequick.code.tex
File: pgfcorequick.code.tex 2023-01-15 v3.1.10 (3.1.10)
)
(/usr/share/texmf-dist/tex/generic/pgf/basiclayer/pgfcoreobjects.code.tex
File: pgfcoreobjects.code.tex 2023-01-15 v3.1.10 (3.1.10)
)
(/usr/share/texmf-dist/tex/generic/pgf/basiclayer/pgfcorepathprocessing.code.te
x
File: pgfcorepathprocessing.code.tex 2023-01-15 v3.1.10 (3.1.10)
) (/usr/share/texmf-dist/tex/generic/pgf/basiclayer/pgfcorearrows.code.tex
File: pgfcorearrows.code.tex 2023-01-15 v3.1.10 (3.1.10)
\pgfarrowsep=\dimen180
)
(/usr/share/texmf-dist/tex/generic/pgf/basiclayer/pgfcoreshade.code.tex
File: pgfcoreshade.code.tex 2023-01-15 v3.1.10 (3.1.10)
\pgf@max=\dimen181
\pgf@sys@shading@range@num=\count286
\pgf@shadingcount=\count287
)
(/usr/share/texmf-dist/tex/generic/pgf/basiclayer/pgfcoreimage.code.tex
File: pgfcoreimage.code.tex 2023-01-15 v3.1.10 (3.1.10)
)
(/usr/share/texmf-dist/tex/generic/pgf/basiclayer/pgfcoreexternal.code.tex
File: pgfcoreexternal.code.tex 2023-01-15 v3.1.10 (3.1.10)
\pgfexternal@startupbox=\box57
)
(/usr/share/texmf-dist/tex/generic/pgf/basiclayer/pgfcorelayers.code.tex
File: pgfcorelayers.code.tex 2023-01-15 v3.1.10 (3.1.10)
)
(/usr/share/texmf-dist/tex/generic/pgf/basiclayer/pgfcoretransparency.code.tex
File: pgfcoretransparency.code.tex 2023-01-15 v3.1.10 (3.1.10)
) (/usr/share/texmf-dist/tex/generic/pgf/basiclayer/pgfcorepatterns.code.tex
File: pgfcorepatterns.code.tex 2023-01-15 v3.1.10 (3.1.10)
)
(/usr/share/texmf-dist/tex/generic/pgf/basiclayer/pgfcorerdf.code.tex
File: pgfcorerdf.code.tex 2023-01-15 v3.1.10 (3.1.10)
)))
(/usr/share/texmf-dist/tex/generic/pgf/modules/pgfmoduleshapes.code.tex
File: pgfmoduleshapes.code.tex 2023-01-15 v3.1.10 (3.1.10)
\pgfnodeparttextbox=\box58
)
(/usr/share/texmf-dist/tex/generic/pgf/modules/pgfmoduleplot.code.tex
File: pgfmoduleplot.code.tex 2023-01-15 v3.1.10 (3.1.10)
)
(/usr/share/texmf-dist/tex/latex/pgf/compatibility/pgfcomp-version-0-65.sty
Package: pgfcomp-version-0-65 2023-01-15 v3.1.10 (3.1.10)
\pgf@nodesepstart=\dimen182
\pgf@nodesepend=\dimen183
)
(/usr/share/texmf-dist/tex/latex/pgf/compatibility/pgfcomp-version-1-18.sty
Package: pgfcomp-version-1-18 2023-01-15 v3.1.10 (3.1.10)
))
(/usr/share/texmf-dist/tex/latex/pgf/utilities/pgffor.sty
(/usr/share/texmf-dist/tex/latex/pgf/utilities/pgfkeys.sty
(/usr/share/texmf-dist/tex/generic/pgf/utilities/pgfkeys.code.tex))
(/usr/share/texmf-dist/tex/latex/pgf/math/pgfmath.sty
(/usr/share/texmf-dist/tex/generic/pgf/math/pgfmath.code.tex))
(/usr/share/texmf-dist/tex/generic/pgf/utilities/pgffor.code.tex
Package: pgffor 2023-01-15 v3.1.10 (3.1.10)
\pgffor@iter=\dimen184
\pgffor@skip=\dimen185
\pgffor@stack=\toks28
\pgffor@toks=\toks29
))
(/usr/share/texmf-dist/tex/generic/pgf/frontendlayer/tikz/tikz.code.tex
Package: tikz 2023-01-15 v3.1.10 (3.1.10)

(/usr/share/texmf-dist/tex/generic/pgf/libraries/pgflibraryplothandlers.code.te
x
File: pgflibraryplothandlers.code.tex 2023-01-15 v3.1.10 (3.1.10)
\pgf@plot@mark@count=\count288
\pgfplotmarksize=\dimen186
)
\tikz@lastx=\dimen187
\tikz@lasty=\dimen188
\tikz@lastxsaved=\dimen189
\tikz@lastysaved=\dimen190
\tikz@lastmovetox=\dimen191
\tikz@lastmovetoy=\dimen192
\tikzleveldistance=\dimen193
\tikzsiblingdistance=\dimen194
\tikz@figbox=\box59
\tikz@figbox@bg=\box60
\tikz@tempbox=\box61
\tikz@tempbox@bg=\box62
\tikztreelevel=\count289
\tikznumberofchildren=\count290
\tikznumberofcurrentchild=\count291
\tikz@fig@count=\count292
 (/usr/share/texmf-dist/tex/generic/pgf/modules/pgfmodulematrix.code.tex
File: pgfmodulematrix.code.tex 2023-01-15 v3.1.10 (3.1.10)
\pgfmatrixcurrentrow=\count293
\pgfmatrixcurrentcolumn=\count294
\pgf@matrix@numberofcolumns=\count295
)
\tikz@expandcount=\count296

(/usr/share/texmf-dist/tex/generic/pgf/frontendlayer/tikz/libraries/tikzlibrary
topaths.code.tex
File: tikzlibrarytopaths.code.tex 2023-01-15 v3.1.10 (3.1.10)
))) (/usr/share/texmf-dist/tex/latex/tools/verbatim.sty
Package: verbatim 2024-01-22 v1.5x LaTeX2e package for verbatim enhancements
\every@verbatim=\toks30
\verbatim@line=\toks31
\verbatim@in@stream=\read4
)
(/usr/share/texmf-dist/tex/latex/environ/environ.sty
Package: environ 2014/05/04 v0.3 A new way to define environments

(/usr/share/texmf-dist/tex/latex/trimspaces/trimspaces.sty
Package: trimspaces 2009/09/17 v1.1 Trim spaces around a token list
)
\@envbody=\toks32
)
(/usr/share/texmf-dist/tex/latex/etoolbox/etoolbox.sty
Package: etoolbox 2025/02/11 v2.5l e-TeX tools for LaTeX (JAW)
\etb@tempcnta=\count297
)
\tcb@titlebox=\box63
\tcb@upperbox=\box64
\tcb@lowerbox=\box65
\tcb@phantombox=\box66
\c@tcbbreakpart=\count298
\c@tcblayer=\count299
\c@tcolorbox@number=\count300
\l__tcobox_tmpa_box=\box67
\l__tcobox_tmpa_dim=\dimen195
\tcb@temp=\box68
\tcb@temp=\box69
\tcb@temp=\box70
\tcb@temp=\box71
)
(/usr/share/texmf-dist/tex/latex/multirow/multirow.sty
Package: multirow 2024/11/12 v2.9 Span multiple rows of a table
\multirow@colwidth=\skip51
\multirow@cntb=\count301
\multirow@dima=\skip52
\bigstrutjot=\dimen196
)
(/usr/share/texmf-dist/tex/latex/tools/indentfirst.sty
Package: indentfirst 2023/07/02 v1.03 Indent first paragraph (DPC)
)
(/usr/share/texmf-dist/tex/latex/base/fontenc.sty
Package: fontenc 2021/04/29 v2.0v Standard LaTeX package
)
(/usr/share/texmf-dist/tex/latex/amsfonts/amssymb.sty
Package: amssymb 2013/01/14 v3.01 AMS font symbols

(/usr/share/texmf-dist/tex/latex/amsfonts/amsfonts.sty
Package: amsfonts 2013/01/14 v3.01 Basic AMSFonts support
\@emptytoks=\toks33
\symAMSa=\mathgroup4
\symAMSb=\mathgroup5
LaTeX Font Info:    Redeclaring math symbol \hbar on input line 98.
LaTeX Font Info:    Overwriting math alphabet `\mathfrak' in version `bold'
(Font)                  U/euf/m/n --> U/euf/b/n on input line 106.
))
(/usr/share/texmf-dist/tex/latex/amscls/amsthm.sty
Package: amsthm 2020/05/29 v2.20.6
\thm@style=\toks34
\thm@bodyfont=\toks35
\thm@headfont=\toks36
\thm@notefont=\toks37
\thm@headpunct=\toks38
\thm@preskip=\skip53
\thm@postskip=\skip54
\thm@headsep=\skip55
\dth@everypar=\toks39
)
(/usr/share/texmf-dist/tex/latex/greek-fontenc/alphabeta.sty
Package: alphabeta 2023-11-16 2.6 macros for Greek letters in text and math

(/usr/share/texmf-dist/tex/latex/greek-fontenc/textalpha.sty
Package: textalpha 2023-09-12 2.5 macros for Greek letters in text
   defining Unicode char U+00B5 (decimal 181)
))
(/usr/share/texmf-dist/tex/latex/bigints/bigints.sty
Package: bigints 2010/02/15 Writing big integrals
Package bigints Info: This is Bigints by Merciadri Luca. on input line 5.

(/usr/share/texmf-dist/tex/latex/amsmath/amsmath.sty
Package: amsmath 2024/11/05 v2.17t AMS math features
\@mathmargin=\skip56

For additional information on amsmath, use the `?' option.
(/usr/share/texmf-dist/tex/latex/amsmath/amstext.sty
Package: amstext 2021/08/26 v2.01 AMS text

(/usr/share/texmf-dist/tex/latex/amsmath/amsgen.sty
File: amsgen.sty 1999/11/30 v2.0 generic functions
\@emptytoks=\toks40
\ex@=\dimen197
))
(/usr/share/texmf-dist/tex/latex/amsmath/amsbsy.sty
Package: amsbsy 1999/11/29 v1.2d Bold Symbols
\pmbraise@=\dimen198
)
(/usr/share/texmf-dist/tex/latex/amsmath/amsopn.sty
Package: amsopn 2022/04/08 v2.04 operator names
)
\inf@bad=\count302
LaTeX Info: Redefining \frac on input line 233.
\uproot@=\count303
\leftroot@=\count304
LaTeX Info: Redefining \overline on input line 398.
LaTeX Info: Redefining \colon on input line 409.
\classnum@=\count305
\DOTSCASE@=\count306
LaTeX Info: Redefining \ldots on input line 495.
LaTeX Info: Redefining \dots on input line 498.
LaTeX Info: Redefining \cdots on input line 619.
\Mathstrutbox@=\box72
\strutbox@=\box73
LaTeX Info: Redefining \big on input line 721.
LaTeX Info: Redefining \Big on input line 722.
LaTeX Info: Redefining \bigg on input line 723.
LaTeX Info: Redefining \Bigg on input line 724.
\big@size=\dimen199
LaTeX Font Info:    Redeclaring font encoding OML on input line 742.
LaTeX Font Info:    Redeclaring font encoding OMS on input line 743.
\macc@depth=\count307
LaTeX Info: Redefining \bmod on input line 904.
LaTeX Info: Redefining \pmod on input line 909.
LaTeX Info: Redefining \smash on input line 939.
LaTeX Info: Redefining \relbar on input line 969.
LaTeX Info: Redefining \Relbar on input line 970.
\c@MaxMatrixCols=\count308
\dotsspace@=\muskip17
\c@parentequation=\count309
\dspbrk@lvl=\count310
\tag@help=\toks41
\row@=\count311
\column@=\count312
\maxfields@=\count313
\andhelp@=\toks42
\eqnshift@=\dimen256
\alignsep@=\dimen257
\tagshift@=\dimen258
\tagwidth@=\dimen259
\totwidth@=\dimen260
\lineht@=\dimen261
\@envbody=\toks43
\multlinegap=\skip57
\multlinetaggap=\skip58
\mathdisplay@stack=\toks44
LaTeX Info: Redefining \[ on input line 2953.
LaTeX Info: Redefining \] on input line 2954.
))
(/usr/share/texmf-dist/tex/latex/appendix/appendix.sty
Package: appendix 2020/02/08 v1.2c extra appendix facilities
\c@@pps=\count314
\c@@ppsavesec=\count315
\c@@ppsaveapp=\count316
)
(/usr/share/texmf-dist/tex/latex/tools/bm.sty
Package: bm 2023/12/19 v1.2f Bold Symbol Support (DPC/FMi)
\symboldoperators=\mathgroup6
\symboldletters=\mathgroup7
\symboldsymbols=\mathgroup8
Package bm Info: No bold for \OMX/cmex/m/n, using \pmb.
Package bm Info: No bold for \U/msa/m/n, using \pmb.
Package bm Info: No bold for \U/msb/m/n, using \pmb.
LaTeX Font Info:    Redeclaring math alphabet \mathbf on input line 149.
)
(/usr/share/texmf-dist/tex/latex/fontawesome5/fontawesome5.sty
(/usr/share/texmf-dist/tex/latex/l3kernel/expl3.sty
Package: expl3 2025-01-18 L3 programming layer (loader) 

(/usr/share/texmf-dist/tex/latex/l3backend/l3backend-pdftex.def
File: l3backend-pdftex.def 2024-05-08 L3 backend support: PDF output (pdfTeX)
\l__color_backend_stack_int=\count317
\l__pdf_internal_box=\box74
))
Package: fontawesome5 2022/05/02 v5.15.4 Font Awesome 5

(/usr/share/texmf-dist/tex/latex/l3packages/l3keys2e/l3keys2e.sty
Package: l3keys2e 2024-08-16 LaTeX2e option processing using LaTeX3 keys
)
(/usr/share/texmf-dist/tex/latex/l3packages/xparse/xparse.sty
Package: xparse 2024-08-16 L3 Experimental document command parser
)
(/usr/share/texmf-dist/tex/latex/fontawesome5/fontawesome5-generic-helper.sty
Package: fontawesome5-generic-helper 2022/05/02 v5.15.4 non-uTeX helper for fon
tawesome5

(/usr/share/texmf-dist/tex/latex/fontawesome5/fontawesome5-mapping.def)))
(/usr/share/texmf-dist/tex/latex/cancel/cancel.sty
Package: cancel 2013/04/12 v2.2 Cancel math terms
)
(/usr/share/texmf-dist/tex/latex/geometry/geometry.sty
Package: geometry 2020/01/02 v5.9 Page Geometry

(/usr/share/texmf-dist/tex/generic/iftex/ifvtex.sty
Package: ifvtex 2019/10/25 v1.7 ifvtex legacy package. Use iftex instead.

(/usr/share/texmf-dist/tex/generic/iftex/iftex.sty
Package: iftex 2024/12/12 v1.0g TeX engine tests
))
\Gm@cnth=\count318
\Gm@cntv=\count319
\c@Gm@tempcnt=\count320
\Gm@bindingoffset=\dimen262
\Gm@wd@mp=\dimen263
\Gm@odd@mp=\dimen264
\Gm@even@mp=\dimen265
\Gm@layoutwidth=\dimen266
\Gm@layoutheight=\dimen267
\Gm@layouthoffset=\dimen268
\Gm@layoutvoffset=\dimen269
\Gm@dimlist=\toks45
)
(/usr/share/texmf-dist/tex/latex/hyperref/hyperref.sty
Package: hyperref 2024-11-05 v7.01l Hypertext links for LaTeX

(/usr/share/texmf-dist/tex/latex/kvsetkeys/kvsetkeys.sty
Package: kvsetkeys 2022-10-05 v1.19 Key value parser (HO)
)
(/usr/share/texmf-dist/tex/generic/kvdefinekeys/kvdefinekeys.sty
Package: kvdefinekeys 2019-12-19 v1.6 Define keys (HO)
)
(/usr/share/texmf-dist/tex/generic/pdfescape/pdfescape.sty
Package: pdfescape 2019/12/09 v1.15 Implements pdfTeX's escape features (HO)

(/usr/share/texmf-dist/tex/generic/ltxcmds/ltxcmds.sty
Package: ltxcmds 2023-12-04 v1.26 LaTeX kernel commands for general use (HO)
)
(/usr/share/texmf-dist/tex/generic/pdftexcmds/pdftexcmds.sty
Package: pdftexcmds 2020-06-27 v0.33 Utility functions of pdfTeX for LuaTeX (HO
)

(/usr/share/texmf-dist/tex/generic/infwarerr/infwarerr.sty
Package: infwarerr 2019/12/03 v1.5 Providing info/warning/error messages (HO)
)
Package pdftexcmds Info: \pdf@primitive is available.
Package pdftexcmds Info: \pdf@ifprimitive is available.
Package pdftexcmds Info: \pdfdraftmode found.
))
(/usr/share/texmf-dist/tex/latex/hycolor/hycolor.sty
Package: hycolor 2020-01-27 v1.10 Color options for hyperref/bookmark (HO)
)
(/usr/share/texmf-dist/tex/latex/hyperref/nameref.sty
Package: nameref 2023-11-26 v2.56 Cross-referencing by name of section

(/usr/share/texmf-dist/tex/latex/refcount/refcount.sty
Package: refcount 2019/12/15 v3.6 Data extraction from label references (HO)
)
(/usr/share/texmf-dist/tex/generic/gettitlestring/gettitlestring.sty
Package: gettitlestring 2019/12/15 v1.6 Cleanup title references (HO)

(/usr/share/texmf-dist/tex/latex/kvoptions/kvoptions.sty
Package: kvoptions 2022-06-15 v3.15 Key value format for package options (HO)
))
\c@section@level=\count321
)
(/usr/share/texmf-dist/tex/generic/stringenc/stringenc.sty
Package: stringenc 2019/11/29 v1.12 Convert strings between diff. encodings (HO
)
)
\@linkdim=\dimen270
\Hy@linkcounter=\count322
\Hy@pagecounter=\count323

(/usr/share/texmf-dist/tex/latex/hyperref/pd1enc.def
File: pd1enc.def 2024-11-05 v7.01l Hyperref: PDFDocEncoding definition (HO)
Now handling font encoding PD1 ...
... no UTF-8 mapping file for font encoding PD1
)
(/usr/share/texmf-dist/tex/generic/intcalc/intcalc.sty
Package: intcalc 2019/12/15 v1.3 Expandable calculations with integers (HO)
)
\Hy@SavedSpaceFactor=\count324

(/usr/share/texmf-dist/tex/latex/hyperref/puenc.def
File: puenc.def 2024-11-05 v7.01l Hyperref: PDF Unicode definition (HO)
Now handling font encoding PU ...
... no UTF-8 mapping file for font encoding PU

(/usr/share/texmf-dist/tex/latex/greek-fontenc/puenc-greek.def
File: puenc-greek.def 2023-09-12 2.5 Greek LICRs for PDF strings

(/usr/share/texmf-dist/tex/latex/greek-fontenc/greek-fontenc.def
File: greek-fontenc.def 2023-09-12 2.5 Common Greek font encoding definitions
)))
Package hyperref Info: Hyper figures OFF on input line 4157.
Package hyperref Info: Link nesting OFF on input line 4162.
Package hyperref Info: Hyper index ON on input line 4165.
Package hyperref Info: Plain pages OFF on input line 4172.
Package hyperref Info: Backreferencing OFF on input line 4177.
Package hyperref Info: Implicit mode ON; LaTeX internals redefined.
Package hyperref Info: Bookmarks ON on input line 4424.
\c@Hy@tempcnt=\count325

(/usr/share/texmf-dist/tex/latex/url/url.sty
\Urlmuskip=\muskip18
Package: url 2013/09/16  ver 3.4  Verb mode for urls, etc.
)
LaTeX Info: Redefining \url on input line 4763.
\XeTeXLinkMargin=\dimen271

(/usr/share/texmf-dist/tex/generic/bitset/bitset.sty
Package: bitset 2019/12/09 v1.3 Handle bit-vector datatype (HO)

(/usr/share/texmf-dist/tex/generic/bigintcalc/bigintcalc.sty
Package: bigintcalc 2019/12/15 v1.5 Expandable calculations on big integers (HO
)
))
\Fld@menulength=\count326
\Field@Width=\dimen272
\Fld@charsize=\dimen273
Package hyperref Info: Hyper figures OFF on input line 6042.
Package hyperref Info: Link nesting OFF on input line 6047.
Package hyperref Info: Hyper index ON on input line 6050.
Package hyperref Info: backreferencing OFF on input line 6057.
Package hyperref Info: Link coloring OFF on input line 6062.
Package hyperref Info: Link coloring with OCG OFF on input line 6067.
Package hyperref Info: PDF/A mode OFF on input line 6072.

(/usr/share/texmf-dist/tex/latex/base/atbegshi-ltx.sty
Package: atbegshi-ltx 2021/01/10 v1.0c Emulation of the original atbegshi
package with kernel methods
)
\Hy@abspage=\count327
\c@Item=\count328
\c@Hfootnote=\count329
)
Package hyperref Info: Driver (autodetected): hpdftex.

(/usr/share/texmf-dist/tex/latex/hyperref/hpdftex.def
File: hpdftex.def 2024-11-05 v7.01l Hyperref driver for pdfTeX

(/usr/share/texmf-dist/tex/latex/base/atveryend-ltx.sty
Package: atveryend-ltx 2020/08/19 v1.0a Emulation of the original atveryend pac
kage
with kernel methods
)
\Fld@listcount=\count330
\c@bookmark@seq@number=\count331

(/usr/share/texmf-dist/tex/latex/rerunfilecheck/rerunfilecheck.sty
Package: rerunfilecheck 2022-07-10 v1.10 Rerun checks for auxiliary files (HO)

(/usr/share/texmf-dist/tex/generic/uniquecounter/uniquecounter.sty
Package: uniquecounter 2019/12/15 v1.4 Provide unlimited unique counter (HO)
)
Package uniquecounter Info: New unique counter `rerunfilecheck' on input line 2
85.
)
\Hy@SectionHShift=\skip59
)
(/usr/share/texmf-dist/tex/latex/listings/listings.sty
\lst@mode=\count332
\lst@gtempboxa=\box75
\lst@token=\toks46
\lst@length=\count333
\lst@currlwidth=\dimen274
\lst@column=\count334
\lst@pos=\count335
\lst@lostspace=\dimen275
\lst@width=\dimen276
\lst@newlines=\count336
\lst@lineno=\count337
\lst@maxwidth=\dimen277

(/usr/share/texmf-dist/tex/latex/listings/lstpatch.sty
File: lstpatch.sty 2024/09/23 1.10c (Carsten Heinz)
)
(/usr/share/texmf-dist/tex/latex/listings/lstmisc.sty
File: lstmisc.sty 2024/09/23 1.10c (Carsten Heinz)
\c@lstnumber=\count338
\lst@skipnumbers=\count339
\lst@framebox=\box76
)
(/usr/share/texmf-dist/tex/latex/listings/listings.cfg
File: listings.cfg 2024/09/23 1.10c listings configuration
))
Package: listings 2024/09/23 1.10c (Carsten Heinz)

(/usr/share/texmf-dist/tex/latex/listings/lstlang1.sty
File: lstlang1.sty 2024/09/23 1.10c listings language file
)
(/usr/share/texmf-dist/tex/latex/fancyhdr/fancyhdr.sty
Package: fancyhdr 2025/02/07 v5.2 Extensive control of page headers and footers

\f@nch@headwidth=\skip60
\f@nch@offset@elh=\skip61
\f@nch@offset@erh=\skip62
\f@nch@offset@olh=\skip63
\f@nch@offset@orh=\skip64
\f@nch@offset@elf=\skip65
\f@nch@offset@erf=\skip66
\f@nch@offset@olf=\skip67
\f@nch@offset@orf=\skip68
\f@nch@height=\skip69
\f@nch@footalignment=\skip70
\f@nch@widthL=\skip71
\f@nch@widthC=\skip72
\f@nch@widthR=\skip73
\@temptokenb=\toks47
) (./main.aux
(./introduction.aux) (./quickstart.aux) (./chapter2.aux) (./chapter1.aux)
(./discussion.aux) (./appendix.aux) (./ref.aux))
\openout1 = `main.aux'.

LaTeX Font Info:    Checking defaults for OML/cmm/m/it on input line 103.
LaTeX Font Info:    ... okay on input line 103.
LaTeX Font Info:    Checking defaults for OMS/cmsy/m/n on input line 103.
LaTeX Font Info:    ... okay on input line 103.
LaTeX Font Info:    Checking defaults for OT1/cmr/m/n on input line 103.
LaTeX Font Info:    ... okay on input line 103.
LaTeX Font Info:    Checking defaults for T1/cmr/m/n on input line 103.
LaTeX Font Info:    ... okay on input line 103.
LaTeX Font Info:    Checking defaults for TS1/cmr/m/n on input line 103.
LaTeX Font Info:    ... okay on input line 103.
LaTeX Font Info:    Checking defaults for OMX/cmex/m/n on input line 103.
LaTeX Font Info:    ... okay on input line 103.
LaTeX Font Info:    Checking defaults for U/cmr/m/n on input line 103.
LaTeX Font Info:    ... okay on input line 103.
LaTeX Font Info:    Checking defaults for LGR/cmr/m/n on input line 103.
LaTeX Font Info:    Trying to load font information for LGR+cmr on input line 1
03.

(/usr/share/texmf-dist/tex/latex/cbfonts-fd/lgrcmr.fd
File: lgrcmr.fd 2017/07/29 v1.2 Greek European Computer Regular
)
LaTeX Font Info:    ... okay on input line 103.
LaTeX Font Info:    Checking defaults for PD1/pdf/m/n on input line 103.
LaTeX Font Info:    ... okay on input line 103.
LaTeX Font Info:    Checking defaults for PU/pdf/m/n on input line 103.
LaTeX Font Info:    ... okay on input line 103.

(/usr/share/texmf-dist/tex/context/base/mkii/supp-pdf.mkii
[Loading MPS to PDF converter (version 2006.09.02).]
\scratchcounter=\count340
\scratchdimen=\dimen278
\scratchbox=\box77
\nofMPsegments=\count341
\nofMParguments=\count342
\everyMPshowfont=\toks48
\MPscratchCnt=\count343
\MPscratchDim=\dimen279
\MPnumerator=\count344
\makeMPintoPDFobject=\count345
\everyMPtoPDFconversion=\toks49
) (/usr/share/texmf-dist/tex/latex/epstopdf-pkg/epstopdf-base.sty
Package: epstopdf-base 2020-01-24 v2.11 Base part for package epstopdf
Package epstopdf-base Info: Redefining graphics rule for `.eps' on input line 4
85.

(/usr/share/texmf-dist/tex/latex/latexconfig/epstopdf-sys.cfg
File: epstopdf-sys.cfg 2010/07/13 v1.3 Configuration of (r)epstopdf for TeX Liv
e
))
LaTeX Info: Redefining \Upsilon on input line 103.
LaTeX Info: Redefining \Omega on input line 103.
LaTeX Info: Redefining \alpha on input line 103.
LaTeX Info: Redefining \epsilon on input line 103.
LaTeX Info: Redefining \eta on input line 103.
LaTeX Info: Redefining \iota on input line 103.
LaTeX Info: Redefining \rho on input line 103.
LaTeX Info: Redefining \upsilon on input line 103.
LaTeX Info: Redefining \omega on input line 103.
   defining Unicode char U+0393 (decimal 915)
   defining Unicode char U+0394 (decimal 916)
   defining Unicode char U+0398 (decimal 920)
   defining Unicode char U+039B (decimal 923)
   defining Unicode char U+039E (decimal 926)
   defining Unicode char U+03A0 (decimal 928)
   defining Unicode char U+03A3 (decimal 931)
   defining Unicode char U+03A5 (decimal 933)
   defining Unicode char U+03A6 (decimal 934)
   defining Unicode char U+03A8 (decimal 936)
   defining Unicode char U+03A9 (decimal 937)
   defining Unicode char U+03B1 (decimal 945)
   defining Unicode char U+03B2 (decimal 946)
   defining Unicode char U+03B3 (decimal 947)
   defining Unicode char U+03B4 (decimal 948)
   defining Unicode char U+03B5 (decimal 949)
   defining Unicode char U+03B6 (decimal 950)
   defining Unicode char U+03B7 (decimal 951)
   defining Unicode char U+03B8 (decimal 952)
   defining Unicode char U+03B9 (decimal 953)
   defining Unicode char U+03BA (decimal 954)
   defining Unicode char U+03BB (decimal 955)
   defining Unicode char U+03BC (decimal 956)
   defining Unicode char U+03BD (decimal 957)
   defining Unicode char U+03BE (decimal 958)
   defining Unicode char U+03C0 (decimal 960)
   defining Unicode char U+03C1 (decimal 961)
   defining Unicode char U+03C2 (decimal 962)
   defining Unicode char U+03C3 (decimal 963)
   defining Unicode char U+03C4 (decimal 964)
   defining Unicode char U+03C5 (decimal 965)
   defining Unicode char U+03C6 (decimal 966)
   defining Unicode char U+03C7 (decimal 967)
   defining Unicode char U+03C8 (decimal 968)
   defining Unicode char U+03C9 (decimal 969)
   defining Unicode char U+03D1 (decimal 977)
   defining Unicode char U+03D5 (decimal 981)
   defining Unicode char U+03D6 (decimal 982)
   defining Unicode char U+03DD (decimal 989)
   defining Unicode char U+03F1 (decimal 1009)
   defining Unicode char U+03F5 (decimal 1013)

*geometry* driver: auto-detecting
*geometry* detected driver: pdftex
*geometry* verbose mode - [ preamble ] result:
* driver: pdftex
* paper: a4paper
* layout: <same size as paper>
* layoutoffset:(h,v)=(0.0pt,0.0pt)
* modes: 
* h-part:(L,W,R)=(56.9055pt, 483.69684pt, 56.90553pt)
* v-part:(T,H,B)=(56.9055pt, 731.23582pt, 56.90552pt)
* \paperwidth=597.50787pt
* \paperheight=845.04684pt
* \textwidth=483.69684pt
* \textheight=731.23582pt
* \oddsidemargin=-15.36449pt
* \evensidemargin=-15.36449pt
* \topmargin=-52.36449pt
* \headheight=12.0pt
* \headsep=25.0pt
* \topskip=11.0pt
* \footskip=30.0pt
* \marginparwidth=50.0pt
* \marginparsep=10.0pt
* \columnsep=10.0pt
* \skip\footins=10.0pt plus 4.0pt minus 2.0pt
* \hoffset=0.0pt
* \voffset=0.0pt
* \mag=1000
* \@twocolumnfalse
* \@twosidefalse
* \@mparswitchfalse
* \@reversemarginfalse
* (1in=72.27pt=25.4mm, 1cm=28.453pt)

Package hyperref Info: Link coloring OFF on input line 103.
(./main.out) (./main.out)
\@outlinefile=\write4
\openout4 = `main.out'.

\c@lstlisting=\count346
LaTeX Font Info:    Trying to load font information for U+msa on input line 105
.
 (/usr/share/texmf-dist/tex/latex/amsfonts/umsa.fd
File: umsa.fd 2013/01/14 v3.01 AMS symbols A
)
LaTeX Font Info:    Trying to load font information for U+msb on input line 105
.

(/usr/share/texmf-dist/tex/latex/amsfonts/umsb.fd
File: umsb.fd 2013/01/14 v3.01 AMS symbols B
)
<ela.png, id=63, 1882.03125pt x 995.21812pt>
File: ela.png Graphic file (type png)
<use ela.png>
Package pdftex.def Info: ela.png  used on input line 105.
(pdftex.def)             Requested size: 483.69684pt x 255.7742pt.


[1

{/var/lib/texmf/fonts/map/pdftex/updmap/pdftex.map}{/usr/share/texmf-dist/fonts
/enc/dvips/cm-super/cm-super-t1.enc} <./ela.png (PNG copy)>] (./main.toc
Overfull \hbox (19.3093pt too wide) detected at line 24
\T1/cmr/m/n/10.95 Appx. A: 
 []


Overfull \hbox (18.85742pt too wide) detected at line 25
\T1/cmr/m/n/10.95 Appx. B: 
 []

)
\tf@toc=\write5
\openout5 = `main.toc'.




pdfTeX warning (ext4): destination with the same identifier (name{page.1}) has 
been already used, duplicate ignored
<to be read again> 
                   \relax 
l.108 \include{introduction.tex}
                                 [1

]
\openout2 = `introduction.aux'.

 (./introduction.tex
 0.

Overfull \hbox (0.38063pt too wide) in paragraph at lines 8--10
[]\T1/cmr/bx/n/10.95 T (Temp-ta-tion to De-fect) \LGR/cmr/m/n/10.95 h an-ta-moi
b pou parnei kpoioc tan proddei en o l-loc sunergze-
 []


Underfull \hbox (badness 10000) in paragraph at lines 8--10

 []


Underfull \hbox (badness 10000) in paragraph at lines 10--12

 []


Underfull \hbox (badness 10000) in paragraph at lines 12--15

 []


Underfull \hbox (badness 10000) in paragraph at lines 18--34

 []



[2


{/usr/share/texmf-dist/fonts/enc/dvips/cm-super/cm-super-ts1.enc}]
Underfull \hbox (badness 10000) in paragraph at lines 38--41

 []


Underfull \hbox (badness 10000) in paragraph at lines 41--45

 []



[3

])

[4

]
\openout2 = `quickstart.aux'.

 (./quickstart.tex
 1.
)

[5




]
\openout2 = `chapter2.aux'.

 (./chapter2.tex
 2.

LaTeX Warning: Command \textTau invalid in math mode on input line 7.


LaTeX Warning: Command \textTau invalid in math mode on input line 7.


Underfull \hbox (badness 10000) in paragraph at lines 7--10

 []


LaTeX Warning: Command \textTau invalid in math mode on input line 11.


LaTeX Warning: Command \textTau invalid in math mode on input line 11.


Underfull \hbox (badness 10000) in paragraph at lines 11--14

 []


Underfull \hbox (badness 10000) in paragraph at lines 15--17

 []

<fit_plots_theoretical/defectors_may_be_strong.jpg, id=144, 702.625pt x 526.968
75pt>
File: fit_plots_theoretical/defectors_may_be_strong.jpg Graphic file (type jpg)

<use fit_plots_theoretical/defectors_may_be_strong.jpg>
Package pdftex.def Info: fit_plots_theoretical/defectors_may_be_strong.jpg  use
d on input line 34.
(pdftex.def)             Requested size: 185.73863pt x 139.3003pt.
<defectors_may_be_strong.png, id=145, 507.69675pt x 387.24675pt>
File: defectors_may_be_strong.png Graphic file (type png)
<use defectors_may_be_strong.png>
Package pdftex.def Info: defectors_may_be_strong.png  used on input line 41.
(pdftex.def)             Requested size: 185.73863pt x 141.67183pt.


[6




]
<fit_plots_theoretical/monotonous_convergence.jpg, id=158, 702.625pt x 526.9687
5pt>
File: fit_plots_theoretical/monotonous_convergence.jpg Graphic file (type jpg)
<use fit_plots_theoretical/monotonous_convergence.jpg>
Package pdftex.def Info: fit_plots_theoretical/monotonous_convergence.jpg  used
 on input line 51.
(pdftex.def)             Requested size: 185.73863pt x 139.3003pt.
<monotonous_convergence.png, id=159, 510.708pt x 377.61075pt>
File: monotonous_convergence.png Graphic file (type png)
<use monotonous_convergence.png>
Package pdftex.def Info: monotonous_convergence.png  used on input line 57.
(pdftex.def)             Requested size: 185.73863pt x 137.32837pt.
<fit_plots_theoretical/attenuated_oscillatory_movements.jpg, id=160, 702.625pt 
x 526.96875pt>
File: fit_plots_theoretical/attenuated_oscillatory_movements.jpg Graphic file (
type jpg)
<use fit_plots_theoretical/attenuated_oscillatory_movements.jpg>
Package pdftex.def Info: fit_plots_theoretical/attenuated_oscillatory_movements
.jpg  used on input line 66.
(pdftex.def)             Requested size: 185.73863pt x 139.3003pt.
<attenuated_oscillatory_movements.png, id=161, 514.92375pt x 383.031pt>
File: attenuated_oscillatory_movements.png Graphic file (type png)
<use attenuated_oscillatory_movements.png>
Package pdftex.def Info: attenuated_oscillatory_movements.png  used on input li
ne 72.
(pdftex.def)             Requested size: 185.73863pt x 138.1599pt.


[7 <./fit_plots_theoretical/defectors_may_be_strong.jpg> <./defectors_may_be_st
rong.png> <./fit_plots_theoretical/monotonous_convergence.jpg> <./monotonous_co
nvergence.png> <./fit_plots_theoretical/attenuated_oscillatory_movements.jpg> <
./attenuated_oscillatory_movements.png>]
<fit_plots_theoretical/Increasing_Oscillations.jpg, id=172, 702.625pt x 526.968
75pt>
File: fit_plots_theoretical/Increasing_Oscillations.jpg Graphic file (type jpg)

<use fit_plots_theoretical/Increasing_Oscillations.jpg>
Package pdftex.def Info: fit_plots_theoretical/Increasing_Oscillations.jpg  use
d on input line 88.
(pdftex.def)             Requested size: 232.17241pt x 174.12537pt.
<Increasing_Oscillations.png, id=173, 602.25pt x 334.851pt>
File: Increasing_Oscillations.png Graphic file (type png)
<use Increasing_Oscillations.png>
Package pdftex.def Info: Increasing_Oscillations.png  used on input line 93.
(pdftex.def)             Requested size: 232.17241pt x 129.08919pt.
<fit_plots_theoretical/Periodic_Movements.jpg, id=174, 702.625pt x 526.96875pt>

File: fit_plots_theoretical/Periodic_Movements.jpg Graphic file (type jpg)
<use fit_plots_theoretical/Periodic_Movements.jpg>
Package pdftex.def Info: fit_plots_theoretical/Periodic_Movements.jpg  used on 
input line 101.
(pdftex.def)             Requested size: 232.17241pt x 174.12537pt.
<Periodic_Movements.png, id=175, 570.33075pt x 325.215pt>
File: Periodic_Movements.png Graphic file (type png)
<use Periodic_Movements.png>
Package pdftex.def Info: Periodic_Movements.png  used on input line 106.
(pdftex.def)             Requested size: 232.17241pt x 132.38623pt.
<fit_plots_theoretical/Disordered_Oscillations.jpg, id=176, 702.625pt x 526.968
75pt>
File: fit_plots_theoretical/Disordered_Oscillations.jpg Graphic file (type jpg)

<use fit_plots_theoretical/Disordered_Oscillations.jpg>
Package pdftex.def Info: fit_plots_theoretical/Disordered_Oscillations.jpg  use
d on input line 114.
(pdftex.def)             Requested size: 232.17241pt x 174.12537pt.
<Disordered_Oscillations.png, id=177, 483.60675pt x 378.213pt>
File: Disordered_Oscillations.png Graphic file (type png)
<use Disordered_Oscillations.png>
Package pdftex.def Info: Disordered_Oscillations.png  used on input line 119.
(pdftex.def)             Requested size: 232.17241pt x 181.5748pt.
<fit_plots_theoretical/sensitivity_to_population_size.jpg, id=178, 1617.04124pt
 x 526.96875pt>
File: fit_plots_theoretical/sensitivity_to_population_size.jpg Graphic file (ty
pe jpg)
<use fit_plots_theoretical/sensitivity_to_population_size.jpg>
Package pdftex.def Info: fit_plots_theoretical/sensitivity_to_population_size.j
pg  used on input line 127.
(pdftex.def)             Requested size: 483.69684pt x 157.62546pt.
<sens_popsize.png, id=179, 808.2195pt x 293.898pt>
File: sens_popsize.png Graphic file (type png)
<use sens_popsize.png>
Package pdftex.def Info: sens_popsize.png  used on input line 132.
(pdftex.def)             Requested size: 483.69684pt x 175.89618pt.
<fit_plots_theoretical/sensitivity_of_winner_to_popsize.jpg, id=180, 1696.3375p
t x 526.96875pt>
File: fit_plots_theoretical/sensitivity_of_winner_to_popsize.jpg Graphic file (
type jpg)
<use fit_plots_theoretical/sensitivity_of_winner_to_popsize.jpg>
Package pdftex.def Info: fit_plots_theoretical/sensitivity_of_winner_to_popsize
.jpg  used on input line 141.
(pdftex.def)             Requested size: 483.69684pt x 150.26001pt.
<sens_winner.png, id=181, 819.66225pt x 293.29575pt>
File: sens_winner.png Graphic file (type png)
<use sens_winner.png>
Package pdftex.def Info: sens_winner.png  used on input line 146.
(pdftex.def)             Requested size: 483.69684pt x 173.07878pt.
<fit_plots_theoretical/sensitivity_to_game_length.jpg, id=182, 1554.80875pt x 5
26.96875pt>
File: fit_plots_theoretical/sensitivity_to_game_length.jpg Graphic file (type j
pg)
<use fit_plots_theoretical/sensitivity_to_game_length.jpg>
Package pdftex.def Info: fit_plots_theoretical/sensitivity_to_game_length.jpg  
used on input line 155.
(pdftex.def)             Requested size: 483.69684pt x 163.93756pt.
<sens_gamelength.png, id=183, 807.61725pt x 287.27325pt>
File: sens_gamelength.png Graphic file (type png)
<use sens_gamelength.png>
Package pdftex.def Info: sens_gamelength.png  used on input line 160.
(pdftex.def)             Requested size: 483.69684pt x 172.05405pt.
<fit_plots_theoretical/sensitivity_to_cipd_payoff.jpg, id=184, 1774.63pt x 526.
96875pt>
File: fit_plots_theoretical/sensitivity_to_cipd_payoff.jpg Graphic file (type j
pg)
<use fit_plots_theoretical/sensitivity_to_cipd_payoff.jpg>
Package pdftex.def Info: fit_plots_theoretical/sensitivity_to_cipd_payoff.jpg  
used on input line 170.
(pdftex.def)             Requested size: 483.69684pt x 143.62628pt.
<sens_cipd.png, id=185, 817.8555pt x 295.70474pt>
File: sens_cipd.png Graphic file (type png)
<use sens_cipd.png>
Package pdftex.def Info: sens_cipd.png  used on input line 175.
(pdftex.def)             Requested size: 483.69684pt x 174.8839pt.
<fit_plots_theoretical/repartition_real.jpg, id=186, 1588.93625pt x 526.96875pt
>
File: fit_plots_theoretical/repartition_real.jpg Graphic file (type jpg)
<use fit_plots_theoretical/repartition_real.jpg>
Package pdftex.def Info: fit_plots_theoretical/repartition_real.jpg  used on in
put line 184.
(pdftex.def)             Requested size: 483.69684pt x 160.41565pt.
<sens_real.png, id=187, 805.20825pt x 298.716pt>
File: sens_real.png Graphic file (type png)
<use sens_real.png>
Package pdftex.def Info: sens_real.png  used on input line 189.
(pdftex.def)             Requested size: 483.69684pt x 179.44519pt.

Underfull \hbox (badness 1931) in paragraph at lines 192--192
\T1/cmr/m/n/10.95 cept that repar-ti-tion on the left is done by round-ing and 
uses real value on the right.
 []

<fit_plots_theoretical/repartition_div10.jpg, id=188, 1767.60374pt x 526.96875p
t>
File: fit_plots_theoretical/repartition_div10.jpg Graphic file (type jpg)
<use fit_plots_theoretical/repartition_div10.jpg>
Package pdftex.def Info: fit_plots_theoretical/repartition_div10.jpg  used on i
nput line 198.
(pdftex.def)             Requested size: 483.69684pt x 144.19719pt.
<sens_div10.png, id=189, 804.00375pt x 290.2845pt>
File: sens_div10.png Graphic file (type png)
<use sens_div10.png>
Package pdftex.def Info: sens_div10.png  used on input line 203.
(pdftex.def)             Requested size: 483.69684pt x 174.63712pt.


[8

 <./fit_plots_theoretical/increasing_oscillations.jpg> <./increasing_oscillatio
ns.png> <./fit_plots_theoretical/periodic_movements.jpg> <./periodic_movements.
png> <./fit_plots_theoretical/disordered_oscillations.jpg> <./disordered_oscill
ations.png>]

[9 <./fit_plots_theoretical/sensitivity_to_population_size.jpg> <./sens_popsize
.png>]

[10 <./fit_plots_theoretical/sensitivity_of_winner_to_popsize.jpg> <./sens_winn
er.png>]

[11 <./fit_plots_theoretical/sensitivity_to_game_length.jpg> <./sens_gamelength
.png>]

[12 <./fit_plots_theoretical/sensitivity_to_cipd_payoff.jpg> <./sens_cipd.png>]


[13 <./fit_plots_theoretical/repartition_real.jpg> <./sens_real.png>]

[14 <./fit_plots_theoretical/repartition_div10.jpg> <./sens_div10.png>]
Underfull \hbox (badness 10000) in paragraph at lines 227--232

 []


Underfull \hbox (badness 10000) in paragraph at lines 227--232

 []


Underfull \hbox (badness 10000) in paragraph at lines 233--235

 []

<fit_plots_simulations/defectors_may_be_strong_sim.jpg, id=241, 702.625pt x 526
.96875pt>
File: fit_plots_simulations/defectors_may_be_strong_sim.jpg Graphic file (type 
jpg)
<use fit_plots_simulations/defectors_may_be_strong_sim.jpg>
Package pdftex.def Info: fit_plots_simulations/defectors_may_be_strong_sim.jpg 
 used on input line 242.
(pdftex.def)             Requested size: 241.84842pt x 181.38628pt.


[15

 <./fit_plots_simulations/defectors_may_be_strong_sim.jpg>]
<fit_plots_simulations/monotonous_convergence_sim.jpg, id=251, 702.625pt x 526.
96875pt>
File: fit_plots_simulations/monotonous_convergence_sim.jpg Graphic file (type j
pg)
<use fit_plots_simulations/monotonous_convergence_sim.jpg>
Package pdftex.def Info: fit_plots_simulations/monotonous_convergence_sim.jpg  
used on input line 254.
(pdftex.def)             Requested size: 338.5863pt x 253.94724pt.
<fit_plots_simulations/attenuated_oscillatory_movements_sim.jpg, id=252, 702.62
5pt x 526.96875pt>
File: fit_plots_simulations/attenuated_oscillatory_movements_sim.jpg Graphic fi
le (type jpg)
<use fit_plots_simulations/attenuated_oscillatory_movements_sim.jpg>
Package pdftex.def Info: fit_plots_simulations/attenuated_oscillatory_movements
_sim.jpg  used on input line 266.
(pdftex.def)             Requested size: 338.5863pt x 253.94724pt.
<fit_plots_simulations/periodic_movements_sim.jpg, id=253, 702.625pt x 526.9687
5pt>
File: fit_plots_simulations/periodic_movements_sim.jpg Graphic file (type jpg)
<use fit_plots_simulations/periodic_movements_sim.jpg>
Package pdftex.def Info: fit_plots_simulations/periodic_movements_sim.jpg  used
 on input line 278.
(pdftex.def)             Requested size: 338.5863pt x 253.94724pt.


[16

 <./fit_plots_simulations/monotonous_convergence_sim.jpg> <./fit_plots_simulati
ons/attenuated_oscillatory_movements_sim.jpg>]
<fit_plots_simulations/increasing_oscillations_sim.jpg, id=262, 702.625pt x 526
.96875pt>
File: fit_plots_simulations/increasing_oscillations_sim.jpg Graphic file (type 
jpg)
<use fit_plots_simulations/increasing_oscillations_sim.jpg>
Package pdftex.def Info: fit_plots_simulations/increasing_oscillations_sim.jpg 
 used on input line 288.
(pdftex.def)             Requested size: 338.5863pt x 253.94724pt.
<fit_plots_simulations/disordered_oscillations_sim.jpg, id=263, 702.625pt x 526
.96875pt>
File: fit_plots_simulations/disordered_oscillations_sim.jpg Graphic file (type 
jpg)
<use fit_plots_simulations/disordered_oscillations_sim.jpg>
Package pdftex.def Info: fit_plots_simulations/disordered_oscillations_sim.jpg 
 used on input line 298.
(pdftex.def)             Requested size: 338.5863pt x 253.94724pt.


[17 <./fit_plots_simulations/periodic_movements_sim.jpg> <./fit_plots_simulatio
ns/increasing_oscillations_sim.jpg>]
<fit_plots_simulations/sensitivity_to_population_size_sim.jpg, id=272, 1663.213
75pt x 522.95375pt>
File: fit_plots_simulations/sensitivity_to_population_size_sim.jpg Graphic file
 (type jpg)
<use fit_plots_simulations/sensitivity_to_population_size_sim.jpg>
Package pdftex.def Info: fit_plots_simulations/sensitivity_to_population_size_s
im.jpg  used on input line 308.
(pdftex.def)             Requested size: 483.69684pt x 152.0836pt.


[18 <./fit_plots_simulations/disordered_oscillations_sim.jpg> <./fit_plots_simu
lations/sensitivity_to_population_size_sim.jpg>]
<fit_plots_simulations/sensitivity_of_winner_to_popsize_sim.jpg, id=282, 1731.4
6875pt x 526.96875pt>
File: fit_plots_simulations/sensitivity_of_winner_to_popsize_sim.jpg Graphic fi
le (type jpg)
<use fit_plots_simulations/sensitivity_of_winner_to_popsize_sim.jpg>
Package pdftex.def Info: fit_plots_simulations/sensitivity_of_winner_to_popsize
_sim.jpg  used on input line 318.
(pdftex.def)             Requested size: 483.69684pt x 147.21252pt.
<fit_plots_simulations/sensitivity_to_cipd_payoff_sim.jpg, id=283, 1678.27pt x 
526.96875pt>
File: fit_plots_simulations/sensitivity_to_cipd_payoff_sim.jpg Graphic file (ty
pe jpg)
<use fit_plots_simulations/sensitivity_to_cipd_payoff_sim.jpg>
Package pdftex.def Info: fit_plots_simulations/sensitivity_to_cipd_payoff_sim.j
pg  used on input line 333.
(pdftex.def)             Requested size: 483.69684pt x 151.87624pt.
<fit_plots_simulations/sensitivity_to_game_length_sim.jpg, id=284, 1746.525pt x
 526.96875pt>
File: fit_plots_simulations/sensitivity_to_game_length_sim.jpg Graphic file (ty
pe jpg)
<use fit_plots_simulations/sensitivity_to_game_length_sim.jpg>
Package pdftex.def Info: fit_plots_simulations/sensitivity_to_game_length_sim.j
pg  used on input line 342.
(pdftex.def)             Requested size: 483.69684pt x 145.94206pt.


[19

 <./fit_plots_simulations/sensitivity_of_winner_to_popsize_sim.jpg> <./fit_plot
s_simulations/sensitivity_to_cipd_payoff_sim.jpg> <./fit_plots_simulations/sens
itivity_to_game_length_sim.jpg>]
<fit_plots_simulations/repartition_div10_sim.jpg, id=295, 1644.1425pt x 526.968
75pt>
File: fit_plots_simulations/repartition_div10_sim.jpg Graphic file (type jpg)
<use fit_plots_simulations/repartition_div10_sim.jpg>
Package pdftex.def Info: fit_plots_simulations/repartition_div10_sim.jpg  used 
on input line 353.
(pdftex.def)             Requested size: 338.5863pt x 108.51978pt.
)

[20 <./fit_plots_simulations/repartition_div10_sim.jpg>]
\openout2 = `chapter1.aux'.

 (./chapter1.tex
 3.

Underfull \hbox (badness 10000) in paragraph at lines 4--6

 []


Underfull \hbox (badness 10000) in paragraph at lines 7--9

 []


Underfull \hbox (badness 10000) in paragraph at lines 14--16

 []


Underfull \hbox (badness 10000) in paragraph at lines 24--34

 []


Underfull \hbox (badness 10000) in paragraph at lines 24--34

 []


Underfull \hbox (badness 10000) in paragraph at lines 24--34

 []


Underfull \hbox (badness 10000) in paragraph at lines 35--36

 []


Overfull \hbox (7.40605pt too wide) detected at line 40
\OML/cmm/m/it/10.95 X\OT1/cmr/m/n/10.95 (\OML/cmm/m/it/10.95 t[]\OT1/cmr/m/n/10
.95 ) = []\OML/cmm/m/it/10.95 x[]\OT1/cmr/m/n/10.95 (\OML/cmm/m/it/10.95 t[]\OT
1/cmr/m/n/10.95 )\OML/cmm/m/it/10.95 ; x[]\OT1/cmr/m/n/10.95 (\OML/cmm/m/it/10.
95 t[]\OT1/cmr/m/n/10.95 )\OML/cmm/m/it/10.95 ; [] ; x[]\OT1/cmr/m/n/10.95 (\OM
L/cmm/m/it/10.95 t[]\OT1/cmr/m/n/10.95 )[] \OMS/cmsy/m/n/10.95 ! \OML/cmm/m/it/
10.95 Y\OT1/cmr/m/n/10.95 (\OML/cmm/m/it/10.95 t[]\OT1/cmr/m/n/10.95 ) = [] \OM
L/cmm/m/it/10.95 ;  [] ; [] ; []
 []


Underfull \hbox (badness 10000) in paragraph at lines 44--46

 []



[21




]

LaTeX Warning: Command \textKappa invalid in math mode on input line 52.


LaTeX Warning: Command \textKappa invalid in math mode on input line 52.


Underfull \hbox (badness 10000) in paragraph at lines 52--54

 []


LaTeX Warning: Command \textKappa invalid in math mode on input line 56.


LaTeX Warning: Command \textKappa invalid in math mode on input line 56.


Underfull \hbox (badness 10000) in paragraph at lines 60--66

 []


Underfull \hbox (badness 10000) in paragraph at lines 60--66

 []


Underfull \hbox (badness 10000) in paragraph at lines 60--66

 []


Underfull \hbox (badness 10000) in paragraph at lines 67--69

 []

<TourTheImi_Ex1.png, id=322, 342.5598pt x 274.1442pt>
File: TourTheImi_Ex1.png Graphic file (type png)
<use TourTheImi_Ex1.png>
Package pdftex.def Info: TourTheImi_Ex1.png  used on input line 76.
(pdftex.def)             Requested size: 338.5863pt x 270.98526pt.
<TourTheImi_Ex2.png, id=323, 342.5598pt x 274.1442pt>
File: TourTheImi_Ex2.png Graphic file (type png)
<use TourTheImi_Ex2.png>
Package pdftex.def Info: TourTheImi_Ex2.png  used on input line 89.
(pdftex.def)             Requested size: 338.5863pt x 270.98526pt.


[22 <./TourTheImi_Ex1.png (PNG copy)>]
Underfull \hbox (badness 10000) in paragraph at lines 94--96

 []


Underfull \hbox (badness 10000) in paragraph at lines 94--96

 []

<TourTheImi_Ex3.png, id=334, 338.2236pt x 274.1442pt>
File: TourTheImi_Ex3.png Graphic file (type png)
<use TourTheImi_Ex3.png>
Package pdftex.def Info: TourTheImi_Ex3.png  used on input line 101.
(pdftex.def)             Requested size: 290.22105pt x 235.23651pt.


[23 <./TourTheImi_Ex2.png (PNG copy)> <./TourTheImi_Ex3.png (PNG copy)>]
<TourTheImi_Ex1_2.png, id=344, 342.5598pt x 274.1442pt>
File: TourTheImi_Ex1_2.png Graphic file (type png)
<use TourTheImi_Ex1_2.png>
Package pdftex.def Info: TourTheImi_Ex1_2.png  used on input line 123.
(pdftex.def)             Requested size: 338.5863pt x 270.98526pt.

Underfull \hbox (badness 10000) in paragraph at lines 112--129

 []


Underfull \hbox (badness 10000) in paragraph at lines 112--129

 []


Underfull \hbox (badness 10000) in paragraph at lines 112--129

 []



[24 <./TourTheImi_Ex1_2.png (PNG copy)>]
<TourTheImi_Ex2_2.png, id=352, 343.0416pt x 274.1442pt>
File: TourTheImi_Ex2_2.png Graphic file (type png)
<use TourTheImi_Ex2_2.png>
Package pdftex.def Info: TourTheImi_Ex2_2.png  used on input line 135.
(pdftex.def)             Requested size: 338.5863pt x 270.58788pt.

Underfull \hbox (badness 10000) in paragraph at lines 140--143

 []

<TourTheImi_Ex3_2.png, id=353, 338.2236pt x 274.1442pt>
File: TourTheImi_Ex3_2.png Graphic file (type png)
<use TourTheImi_Ex3_2.png>
Package pdftex.def Info: TourTheImi_Ex3_2.png  used on input line 146.
(pdftex.def)             Requested size: 290.22105pt x 235.23651pt.


[25

 <./TourTheImi_Ex2_2.png (PNG copy)> <./TourTheImi_Ex3_2.png (PNG copy)>]

LaTeX Warning: Command \textKappa invalid in math mode on input line 162.


LaTeX Warning: Command \textKappa invalid in math mode on input line 162.


LaTeX Warning: Command \textKappa invalid in math mode on input line 162.


LaTeX Warning: Command \textKappa invalid in math mode on input line 162.


Underfull \hbox (badness 10000) in paragraph at lines 162--166

 []

<toursimimi1.jpg, id=363, 702.625pt x 526.96875pt>
File: toursimimi1.jpg Graphic file (type jpg)
<use toursimimi1.jpg>
Package pdftex.def Info: toursimimi1.jpg  used on input line 179.
(pdftex.def)             Requested size: 338.5863pt x 253.94724pt.
<toursimimi2.jpg, id=364, 702.625pt x 526.96875pt>
File: toursimimi2.jpg Graphic file (type jpg)
<use toursimimi2.jpg>
Package pdftex.def Info: toursimimi2.jpg  used on input line 188.
(pdftex.def)             Requested size: 185.73863pt x 139.3003pt.
<toursimimi22.jpg, id=365, 702.625pt x 526.96875pt>
File: toursimimi22.jpg Graphic file (type jpg)
<use toursimimi22.jpg>
Package pdftex.def Info: toursimimi22.jpg  used on input line 195.
(pdftex.def)             Requested size: 185.73863pt x 139.3003pt.
<toursimimi3.jpg, id=366, 702.625pt x 526.96875pt>
File: toursimimi3.jpg Graphic file (type jpg)
<use toursimimi3.jpg>
Package pdftex.def Info: toursimimi3.jpg  used on input line 205.
(pdftex.def)             Requested size: 338.5863pt x 253.94724pt.

Underfull \hbox (badness 10000) in paragraph at lines 174--209

 []



[26 <./toursimimi1.jpg>]

[27 <./toursimimi2.jpg> <./toursimimi22.jpg> <./toursimimi3.jpg>]
<toursimimi11.jpg, id=381, 702.625pt x 526.96875pt>
File: toursimimi11.jpg Graphic file (type jpg)
<use toursimimi11.jpg>
Package pdftex.def Info: toursimimi11.jpg  used on input line 215.
(pdftex.def)             Requested size: 162.51997pt x 121.89177pt.
<toursimimi33.jpg, id=382, 702.625pt x 526.96875pt>
File: toursimimi33.jpg Graphic file (type jpg)
<use toursimimi33.jpg>
Package pdftex.def Info: toursimimi33.jpg  used on input line 221.
(pdftex.def)             Requested size: 162.51997pt x 121.89177pt.
<toursimimi222.jpg, id=383, 702.625pt x 526.96875pt>
File: toursimimi222.jpg Graphic file (type jpg)
<use toursimimi222.jpg>
Package pdftex.def Info: toursimimi222.jpg  used on input line 227.
(pdftex.def)             Requested size: 162.51997pt x 121.89177pt.
<toursimimi333.jpg, id=384, 702.625pt x 526.96875pt>
File: toursimimi333.jpg Graphic file (type jpg)
<use toursimimi333.jpg>
Package pdftex.def Info: toursimimi333.jpg  used on input line 233.
(pdftex.def)             Requested size: 162.51997pt x 121.89177pt.
<toursimimi2222.jpg, id=385, 702.625pt x 526.96875pt>
File: toursimimi2222.jpg Graphic file (type jpg)
<use toursimimi2222.jpg>
Package pdftex.def Info: toursimimi2222.jpg  used on input line 238.
(pdftex.def)             Requested size: 162.51997pt x 121.89177pt.

Underfull \hbox (badness 10000) in paragraph at lines 241--241
[]\T1/cmr/m/n/10.95 Figure 3.10: []Increased Os-cila-tions and ran-dom state tr
an-si-tion us-ing \T1/cmtt/m/n/10.95 TourSimImi2
 []

)

[28 <./toursimimi11.jpg> <./toursimimi33.jpg> <./toursimimi222.jpg> <./toursimi
mi333.jpg> <./toursimimi2222.jpg>]
\openout2 = `discussion.aux'.

 (./discussion.tex
 4.

Underfull \hbox (badness 10000) in paragraph at lines 2--4

 []

)

[29





]
\openout2 = `appendix.aux'.

 (./appendix.tex

[30





]
LaTeX Font Info:    Font shape `T1/cmtt/bx/n' in size <14.4> not available
(Font)              Font shape `T1/cmtt/m/n' tried instead on input line 4.


Package hyperref Warning: Token not allowed in a PDF string (Unicode):
(hyperref)                removing `\\' on input line 4.


Overfull \hbox (18.36111pt too wide) in paragraph at lines 30--31
[]\T1/cmr/m/n/10.95 Given $\OT1/cmr/m/n/10.95 (\OML/cmm/b/it/10.95 x\OT1/cmr/m/
n/10.95 (\OML/cmm/m/it/10.95 t\OT1/cmr/m/n/10.95 ))[]$ \T1/cmr/m/n/10.95 and $\
OT1/cmr/m/n/10.95 (\OML/cmm/b/it/10.95 y\OT1/cmr/m/n/10.95 (\OML/cmm/m/it/10.95
 t\OT1/cmr/m/n/10.95 ))[]$ \T1/cmr/m/n/10.95 as in Def-i-ni-tion 3.2.1, $\OT1/c
mr/m/n/10.95 (\OML/cmm/m/it/10.95 x\OT1/cmr/m/n/10.95 (\OML/cmm/m/it/10.95 t\OT
1/cmr/m/n/10.95 ))[]$ \T1/cmr/m/n/10.95 is lumpable with re-spect to $\OMS/cmsy
/m/n/10.95 f\OML/cmm/m/it/10.95 R[]; [] ; R[]\OMS/cmsy/m/n/10.95 g$
 []



[31]

Package hyperref Warning: Token not allowed in a PDF string (Unicode):
(hyperref)                removing `\\' on input line 63.

LaTeX Font Info:    Font shape `T1/cmtt/bx/n' in size <12> not available
(Font)              Font shape `T1/cmtt/m/n' tried instead on input line 65.


[32]

[33]

[34

]

[35]

[36])

[37]
\openout2 = `ref.aux'.

 (./ref.tex)

[38



] (./main.aux (./introduction.aux) (./quickstart.aux) (./chapter2.aux)
(./chapter1.aux) (./discussion.aux) (./appendix.aux) (./ref.aux))
 ***********
LaTeX2e <2024-11-01> patch level 2
L3 programming layer <2025-01-18>
 ***********
Package rerunfilecheck Info: File `main.out' has not changed.
(rerunfilecheck)             Checksum: A7083A91E72096D802D0FFE0FB6D7D1A;2744.
 ) 
Here is how much of TeX's memory you used:
 34114 strings out of 474487
 648789 string characters out of 5749024
 1421598 words of memory out of 5000000
 56152 multiletter control sequences out of 15000+600000
 592819 words of font info for 118 fonts, out of 8000000 for 9000
 395 hyphenation exceptions out of 8191
 116i,12n,121p,1793b,2088s stack positions out of 10000i,1000n,20000p,200000b,200000s
</usr/share/texmf-dist/fonts/type1/public/amsfonts/cm/cmbx10.pfb></usr/share/
texmf-dist/fonts/type1/public/amsfonts/cm/cmex10.pfb></usr/share/texmf-dist/fon
ts/type1/public/amsfonts/cm/cmmi10.pfb></usr/share/texmf-dist/fonts/type1/publi
c/amsfonts/cm/cmmi12.pfb></usr/share/texmf-dist/fonts/type1/public/amsfonts/cm/
cmmi6.pfb></usr/share/texmf-dist/fonts/type1/public/amsfonts/cm/cmmi8.pfb></usr
/share/texmf-dist/fonts/type1/public/amsfonts/cm/cmmib10.pfb></usr/share/texmf-
dist/fonts/type1/public/amsfonts/cmextra/cmmib8.pfb></usr/share/texmf-dist/font
s/type1/public/amsfonts/cm/cmr10.pfb></usr/share/texmf-dist/fonts/type1/public/
amsfonts/cm/cmr6.pfb></usr/share/texmf-dist/fonts/type1/public/amsfonts/cm/cmr8
.pfb></usr/share/texmf-dist/fonts/type1/public/amsfonts/cm/cmsy10.pfb></usr/sha
re/texmf-dist/fonts/type1/public/amsfonts/cm/cmsy6.pfb></usr/share/texmf-dist/f
onts/type1/public/amsfonts/cm/cmsy8.pfb></usr/share/texmf-dist/fonts/type1/publ
ic/cbfonts/grmn0900.pfb></usr/share/texmf-dist/fonts/type1/public/cbfonts/grmn1
095.pfb></usr/share/texmf-dist/fonts/type1/public/cbfonts/grmn1200.pfb></usr/sh
are/texmf-dist/fonts/type1/public/cbfonts/grxn1095.pfb></usr/share/texmf-dist/f
onts/type1/public/cbfonts/grxn1200.pfb></usr/share/texmf-dist/fonts/type1/publi
c/cbfonts/grxn1440.pfb></usr/share/texmf-dist/fonts/type1/public/cbfonts/grxn20
74.pfb></usr/share/texmf-dist/fonts/type1/public/cbfonts/grxn2488.pfb></usr/sha
re/texmf-dist/fonts/type1/public/amsfonts/symbols/msam10.pfb></usr/share/texmf-
dist/fonts/type1/public/amsfonts/symbols/msbm10.pfb></usr/share/texmf-dist/font
s/type1/public/cm-super/sfbx1095.pfb></usr/share/texmf-dist/fonts/type1/public/
cm-super/sfbx1200.pfb></usr/share/texmf-dist/fonts/type1/public/cm-super/sfbx14
40.pfb></usr/share/texmf-dist/fonts/type1/public/cm-super/sfbx1728.pfb></usr/sh
are/texmf-dist/fonts/type1/public/cm-super/sfbx2074.pfb></usr/share/texmf-dist/
fonts/type1/public/cm-super/sfbx2488.pfb></usr/share/texmf-dist/fonts/type1/pub
lic/cm-super/sfrm0600.pfb></usr/share/texmf-dist/fonts/type1/public/cm-super/sf
rm0800.pfb></usr/share/texmf-dist/fonts/type1/public/cm-super/sfrm0900.pfb></us
r/share/texmf-dist/fonts/type1/public/cm-super/sfrm1095.pfb></usr/share/texmf-d
ist/fonts/type1/public/cm-super/sfrm1200.pfb></usr/share/texmf-dist/fonts/type1
/public/cm-super/sfrm1728.pfb></usr/share/texmf-dist/fonts/type1/public/cm-supe
r/sfti1095.pfb></usr/share/texmf-dist/fonts/type1/public/cm-super/sftt0900.pfb>
</usr/share/texmf-dist/fonts/type1/public/cm-super/sftt1095.pfb></usr/share/tex
mf-dist/fonts/type1/public/cm-super/sftt1200.pfb></usr/share/texmf-dist/fonts/t
ype1/public/cm-super/sftt1440.pfb>
Output written on main.pdf (39 pages, 3878745 bytes).
PDF statistics:
 1037 PDF objects out of 1200 (max. 8388607)
 841 compressed objects within 9 object streams
 446 named destinations out of 1000 (max. 500000)
 380 words of extra memory for PDF output out of 10000 (max. 10000000)

